mode: set
github.com/crabtree/defeway-toolbox/pkg/defewayclient/client.go:34.59,51.2 3 0
github.com/crabtree/defeway-toolbox/pkg/defewayclient/deviceinfo.go:10.72,14.2 1 0
github.com/crabtree/defeway-toolbox/pkg/defewayclient/deviceinfo.go:20.59,26.6 5 1
github.com/crabtree/defeway-toolbox/pkg/defewayclient/deviceinfo.go:26.6,27.28 1 1
github.com/crabtree/defeway-toolbox/pkg/defewayclient/deviceinfo.go:31.3,39.17 5 1
github.com/crabtree/defeway-toolbox/pkg/defewayclient/deviceinfo.go:43.3,51.17 3 1
github.com/crabtree/defeway-toolbox/pkg/defewayclient/deviceinfo.go:55.3,56.17 2 1
github.com/crabtree/defeway-toolbox/pkg/defewayclient/deviceinfo.go:65.3,65.21 1 1
github.com/crabtree/defeway-toolbox/pkg/defewayclient/deviceinfo.go:27.28,29.4 1 1
github.com/crabtree/defeway-toolbox/pkg/defewayclient/deviceinfo.go:39.17,41.4 1 0
github.com/crabtree/defeway-toolbox/pkg/defewayclient/deviceinfo.go:51.17,53.4 1 1
github.com/crabtree/defeway-toolbox/pkg/defewayclient/deviceinfo.go:56.17,57.14 1 1
github.com/crabtree/defeway-toolbox/pkg/defewayclient/deviceinfo.go:61.4,62.12 2 1
github.com/crabtree/defeway-toolbox/pkg/defewayclient/deviceinfo.go:57.14,59.5 1 0
github.com/crabtree/defeway-toolbox/pkg/defewayclient/deviceinfo.go:69.72,73.16 3 1
github.com/crabtree/defeway-toolbox/pkg/defewayclient/deviceinfo.go:77.2,78.16 2 1
github.com/crabtree/defeway-toolbox/pkg/defewayclient/deviceinfo.go:82.2,82.26 1 1
github.com/crabtree/defeway-toolbox/pkg/defewayclient/deviceinfo.go:86.2,86.31 1 1
github.com/crabtree/defeway-toolbox/pkg/defewayclient/deviceinfo.go:90.2,90.28 1 1
github.com/crabtree/defeway-toolbox/pkg/defewayclient/deviceinfo.go:73.16,75.3 1 0
github.com/crabtree/defeway-toolbox/pkg/defewayclient/deviceinfo.go:78.16,80.3 1 1
github.com/crabtree/defeway-toolbox/pkg/defewayclient/deviceinfo.go:82.26,84.3 1 1
github.com/crabtree/defeway-toolbox/pkg/defewayclient/deviceinfo.go:86.31,88.3 1 1
github.com/crabtree/defeway-toolbox/pkg/defewayclient/model.go:22.50,24.16 2 1
github.com/crabtree/defeway-toolbox/pkg/defewayclient/model.go:28.2,28.23 1 1
github.com/crabtree/defeway-toolbox/pkg/defewayclient/model.go:24.16,26.3 1 0
github.com/crabtree/defeway-toolbox/pkg/defewayclient/model.go:31.55,34.16 3 1
github.com/crabtree/defeway-toolbox/pkg/defewayclient/model.go:38.2,38.16 1 1
github.com/crabtree/defeway-toolbox/pkg/defewayclient/model.go:34.16,36.3 1 1
github.com/crabtree/defeway-toolbox/pkg/defewayclient/model.go:41.63,45.2 1 1
github.com/crabtree/defeway-toolbox/pkg/defewayclient/model.go:69.51,71.2 1 1
github.com/crabtree/defeway-toolbox/pkg/defewayclient/model.go:73.46,75.2 1 1
github.com/crabtree/defeway-toolbox/pkg/defewayclient/model.go:77.84,79.54 2 1
github.com/crabtree/defeway-toolbox/pkg/defewayclient/model.go:83.2,86.16 3 1
github.com/crabtree/defeway-toolbox/pkg/defewayclient/model.go:90.2,91.16 2 1
github.com/crabtree/defeway-toolbox/pkg/defewayclient/model.go:95.2,96.16 2 1
github.com/crabtree/defeway-toolbox/pkg/defewayclient/model.go:100.2,101.16 2 1
github.com/crabtree/defeway-toolbox/pkg/defewayclient/model.go:105.2,106.16 2 1
github.com/crabtree/defeway-toolbox/pkg/defewayclient/model.go:110.2,118.12 2 1
github.com/crabtree/defeway-toolbox/pkg/defewayclient/model.go:79.54,81.3 1 0
github.com/crabtree/defeway-toolbox/pkg/defewayclient/model.go:86.16,88.3 1 0
github.com/crabtree/defeway-toolbox/pkg/defewayclient/model.go:91.16,93.3 1 0
github.com/crabtree/defeway-toolbox/pkg/defewayclient/model.go:96.16,98.3 1 0
github.com/crabtree/defeway-toolbox/pkg/defewayclient/model.go:101.16,103.3 1 0
github.com/crabtree/defeway-toolbox/pkg/defewayclient/model.go:106.16,108.3 1 0
github.com/crabtree/defeway-toolbox/pkg/defewayclient/model.go:137.87,142.2 1 1
github.com/crabtree/defeway-toolbox/pkg/defewayclient/recordings.go:16.21,21.2 1 0
github.com/crabtree/defeway-toolbox/pkg/defewayclient/recordings.go:38.28,53.2 3 1
github.com/crabtree/defeway-toolbox/pkg/defewayclient/recordings.go:57.28,63.6 5 1
github.com/crabtree/defeway-toolbox/pkg/defewayclient/recordings.go:114.2,114.20 1 1
github.com/crabtree/defeway-toolbox/pkg/defewayclient/recordings.go:63.6,64.28 1 1
github.com/crabtree/defeway-toolbox/pkg/defewayclient/recordings.go:68.3,68.21 1 1
github.com/crabtree/defeway-toolbox/pkg/defewayclient/recordings.go:73.3,76.17 3 1
github.com/crabtree/defeway-toolbox/pkg/defewayclient/recordings.go:80.3,88.17 3 1
github.com/crabtree/defeway-toolbox/pkg/defewayclient/recordings.go:92.3,93.27 2 1
github.com/crabtree/defeway-toolbox/pkg/defewayclient/recordings.go:97.3,97.12 1 1
github.com/crabtree/defeway-toolbox/pkg/defewayclient/recordings.go:106.3,109.66 3 1
github.com/crabtree/defeway-toolbox/pkg/defewayclient/recordings.go:64.28,66.4 1 1
github.com/crabtree/defeway-toolbox/pkg/defewayclient/recordings.go:68.21,71.4 2 1
github.com/crabtree/defeway-toolbox/pkg/defewayclient/recordings.go:76.17,78.4 1 0
github.com/crabtree/defeway-toolbox/pkg/defewayclient/recordings.go:88.17,90.4 1 1
github.com/crabtree/defeway-toolbox/pkg/defewayclient/recordings.go:93.27,95.4 1 0
github.com/crabtree/defeway-toolbox/pkg/defewayclient/recordings.go:97.12,98.18 1 1
github.com/crabtree/defeway-toolbox/pkg/defewayclient/recordings.go:102.4,103.12 2 1
github.com/crabtree/defeway-toolbox/pkg/defewayclient/recordings.go:98.18,100.5 1 1
github.com/crabtree/defeway-toolbox/pkg/defewayclient/recordings.go:109.66,110.9 1 1
github.com/crabtree/defeway-toolbox/pkg/defewayclient/recordings.go:117.74,121.16 3 1
github.com/crabtree/defeway-toolbox/pkg/defewayclient/recordings.go:125.2,126.16 2 1
github.com/crabtree/defeway-toolbox/pkg/defewayclient/recordings.go:130.2,130.31 1 1
github.com/crabtree/defeway-toolbox/pkg/defewayclient/recordings.go:136.2,136.82 1 1
github.com/crabtree/defeway-toolbox/pkg/defewayclient/recordings.go:140.2,140.33 1 1
github.com/crabtree/defeway-toolbox/pkg/defewayclient/recordings.go:121.16,123.3 1 0
github.com/crabtree/defeway-toolbox/pkg/defewayclient/recordings.go:126.16,128.3 1 1
github.com/crabtree/defeway-toolbox/pkg/defewayclient/recordings.go:130.31,134.3 1 1
github.com/crabtree/defeway-toolbox/pkg/defewayclient/recordings.go:136.82,138.3 1 1
github.com/crabtree/defeway-toolbox/pkg/defewayclient/recordings.go:143.82,159.16 4 1
github.com/crabtree/defeway-toolbox/pkg/defewayclient/recordings.go:162.2,165.16 3 1
github.com/crabtree/defeway-toolbox/pkg/defewayclient/recordings.go:169.2,169.12 1 1
github.com/crabtree/defeway-toolbox/pkg/defewayclient/recordings.go:159.16,161.3 1 0
github.com/crabtree/defeway-toolbox/pkg/defewayclient/recordings.go:165.16,167.3 1 0
